<?xml version="1.0" encoding="UTF-8"?>
<!-- Generated by org.testng.reporters.JUnitXMLReporter -->
<testsuite hostname="Gulnoza-PC" ignored="0" name="Test" tests="5" failures="0" timestamp="04 Feb 2020 18:35:46 GMT" time="3.717" errors="0">
  <testcase name="testGetRequest_getAllVideoGames_TC1" time="2.121" classname="restapi.RestApiAutomation"/>
  <testcase name="testPost_toAddNewVideoGame" time="0.576" classname="restapi.RestApiAutomation"/>
  <testcase name="testGet_toGetCreatedVideoID" time="0.819" classname="restapi.RestApiAutomation"/>
  <testcase name="testPUT_toUpdateVideoGame" time="0.098" classname="restapi.RestApiAutomation"/>
  <testcase name="testDelete_toDeleteVideoGameID" time="0.048" classname="restapi.RestApiAutomation"/>
</testsuite> <!-- Test -->
