<?xml version="1.0" encoding="UTF-8"?>
<!-- Generated by org.testng.reporters.JUnitXMLReporter -->
<testsuite hostname="Gulnoza-PC" ignored="0" name="Test" tests="5" failures="0" timestamp="04 Feb 2020 19:05:29 GMT" time="3.201" errors="0">
  <testcase name="testGetRequest_getAllVideoGames_TC1" time="1.88" classname="restapi.RestApiAutomation"/>
  <testcase name="testPost_toAddNewVideoGame" time="0.552" classname="restapi.RestApiAutomation"/>
  <testcase name="testGet_toGetCreatedVideoID" time="0.64" classname="restapi.RestApiAutomation"/>
  <testcase name="testPUT_toUpdateVideoGame" time="0.069" classname="restapi.RestApiAutomation"/>
  <testcase name="testDelete_toDeleteVideoGameID" time="0.037" classname="restapi.RestApiAutomation"/>
</testsuite> <!-- Test -->
